{"C:\\Users\\isakt\\OneDrive - Uppsala universitet\\Dokument\\GitHub\\Project_Redacted_Text\\Redact_unredact_text.js": {"path":"C:\\Users\\isakt\\OneDrive - Uppsala universitet\\Dokument\\GitHub\\Project_Redacted_Text\\Redact_unredact_text.js","statementMap":{"0":{"start":{"line":2,"column":0},"end":{"line":2,"column":62}},"1":{"start":{"line":3,"column":0},"end":{"line":3,"column":30}},"2":{"start":{"line":4,"column":0},"end":{"line":4,"column":40}},"3":{"start":{"line":5,"column":0},"end":{"line":5,"column":38}},"4":{"start":{"line":6,"column":0},"end":{"line":6,"column":42}},"5":{"start":{"line":7,"column":0},"end":{"line":7,"column":62}},"6":{"start":{"line":8,"column":0},"end":{"line":8,"column":32}},"7":{"start":{"line":9,"column":0},"end":{"line":9,"column":42}},"8":{"start":{"line":10,"column":0},"end":{"line":10,"column":40}},"9":{"start":{"line":11,"column":0},"end":{"line":11,"column":22}},"10":{"start":{"line":12,"column":0},"end":{"line":12,"column":30}},"11":{"start":{"line":13,"column":0},"end":{"line":13,"column":34}},"12":{"start":{"line":14,"column":0},"end":{"line":14,"column":20}},"13":{"start":{"line":15,"column":0},"end":{"line":15,"column":54}},"14":{"start":{"line":16,"column":0},"end":{"line":16,"column":52}},"15":{"start":{"line":17,"column":0},"end":{"line":17,"column":32}},"16":{"start":{"line":18,"column":0},"end":{"line":18,"column":38}},"17":{"start":{"line":19,"column":17},"end":{"line":19,"column":38}},"18":{"start":{"line":20,"column":0},"end":{"line":20,"column":26}},"19":{"start":{"line":21,"column":13},"end":{"line":21,"column":53}},"20":{"start":{"line":22,"column":20},"end":{"line":22,"column":110}},"21":{"start":{"line":32,"column":4},"end":{"line":37,"column":16}},"22":{"start":{"line":48,"column":17},"end":{"line":48,"column":19}},"23":{"start":{"line":49,"column":20},"end":{"line":49,"column":37}},"24":{"start":{"line":50,"column":12},"end":{"line":50,"column":28}},"25":{"start":{"line":51,"column":24},"end":{"line":51,"column":26}},"26":{"start":{"line":53,"column":4},"end":{"line":65,"column":5}},"27":{"start":{"line":53,"column":17},"end":{"line":53,"column":18}},"28":{"start":{"line":54,"column":29},"end":{"line":54,"column":48}},"29":{"start":{"line":55,"column":8},"end":{"line":64,"column":9}},"30":{"start":{"line":56,"column":12},"end":{"line":59,"column":13}},"31":{"start":{"line":57,"column":16},"end":{"line":57,"column":43}},"32":{"start":{"line":58,"column":16},"end":{"line":58,"column":35}},"33":{"start":{"line":63,"column":12},"end":{"line":63,"column":59}},"34":{"start":{"line":67,"column":4},"end":{"line":69,"column":5}},"35":{"start":{"line":68,"column":8},"end":{"line":68,"column":35}},"36":{"start":{"line":70,"column":4},"end":{"line":70,"column":18}},"37":{"start":{"line":80,"column":4},"end":{"line":80,"column":42}},"38":{"start":{"line":90,"column":4},"end":{"line":90,"column":59}},"39":{"start":{"line":105,"column":13},"end":{"line":105,"column":18}},"40":{"start":{"line":106,"column":12},"end":{"line":106,"column":23}},"41":{"start":{"line":107,"column":27},"end":{"line":107,"column":48}},"42":{"start":{"line":109,"column":4},"end":{"line":115,"column":5}},"43":{"start":{"line":109,"column":17},"end":{"line":109,"column":18}},"44":{"start":{"line":110,"column":34},"end":{"line":110,"column":72}},"45":{"start":{"line":111,"column":8},"end":{"line":114,"column":9}},"46":{"start":{"line":112,"column":12},"end":{"line":112,"column":49}},"47":{"start":{"line":113,"column":12},"end":{"line":113,"column":22}},"48":{"start":{"line":116,"column":4},"end":{"line":116,"column":14}},"49":{"start":{"line":128,"column":4},"end":{"line":133,"column":5}},"50":{"start":{"line":128,"column":17},"end":{"line":128,"column":18}},"51":{"start":{"line":129,"column":8},"end":{"line":132,"column":9}},"52":{"start":{"line":130,"column":12},"end":{"line":130,"column":58}},"53":{"start":{"line":131,"column":12},"end":{"line":131,"column":24}},"54":{"start":{"line":134,"column":4},"end":{"line":134,"column":24}},"55":{"start":{"line":135,"column":4},"end":{"line":135,"column":17}},"56":{"start":{"line":138,"column":18},"end":{"line":138,"column":19}},"57":{"start":{"line":139,"column":17},"end":{"line":139,"column":18}},"58":{"start":{"line":140,"column":4},"end":{"line":148,"column":5}},"59":{"start":{"line":140,"column":17},"end":{"line":140,"column":18}},"60":{"start":{"line":141,"column":17},"end":{"line":141,"column":31}},"61":{"start":{"line":142,"column":8},"end":{"line":144,"column":9}},"62":{"start":{"line":143,"column":12},"end":{"line":143,"column":22}},"63":{"start":{"line":145,"column":8},"end":{"line":147,"column":9}},"64":{"start":{"line":146,"column":12},"end":{"line":146,"column":21}},"65":{"start":{"line":149,"column":4},"end":{"line":149,"column":48}},"66":{"start":{"line":152,"column":4},"end":{"line":152,"column":153}},"67":{"start":{"line":153,"column":16},"end":{"line":153,"column":52}},"68":{"start":{"line":154,"column":4},"end":{"line":160,"column":5}},"69":{"start":{"line":155,"column":21},"end":{"line":155,"column":41}},"70":{"start":{"line":156,"column":8},"end":{"line":156,"column":103}},"71":{"start":{"line":157,"column":8},"end":{"line":157,"column":93}},"72":{"start":{"line":158,"column":8},"end":{"line":158,"column":25}},"73":{"start":{"line":159,"column":8},"end":{"line":159,"column":20}},"74":{"start":{"line":161,"column":4},"end":{"line":176,"column":5}},"75":{"start":{"line":162,"column":8},"end":{"line":164,"column":9}},"76":{"start":{"line":163,"column":12},"end":{"line":163,"column":25}},"77":{"start":{"line":165,"column":8},"end":{"line":175,"column":9}},"78":{"start":{"line":166,"column":12},"end":{"line":166,"column":107}},"79":{"start":{"line":167,"column":12},"end":{"line":167,"column":44}},"80":{"start":{"line":168,"column":12},"end":{"line":168,"column":25}},"81":{"start":{"line":171,"column":12},"end":{"line":171,"column":107}},"82":{"start":{"line":172,"column":12},"end":{"line":172,"column":53}},"83":{"start":{"line":173,"column":12},"end":{"line":173,"column":29}},"84":{"start":{"line":174,"column":12},"end":{"line":174,"column":29}},"85":{"start":{"line":177,"column":4},"end":{"line":183,"column":5}},"86":{"start":{"line":178,"column":8},"end":{"line":178,"column":21}},"87":{"start":{"line":181,"column":8},"end":{"line":181,"column":37}},"88":{"start":{"line":182,"column":8},"end":{"line":182,"column":40}},"89":{"start":{"line":188,"column":4},"end":{"line":190,"column":5}},"90":{"start":{"line":189,"column":8},"end":{"line":189,"column":30}},"91":{"start":{"line":191,"column":4},"end":{"line":193,"column":5}},"92":{"start":{"line":192,"column":8},"end":{"line":192,"column":30}},"93":{"start":{"line":194,"column":4},"end":{"line":196,"column":5}},"94":{"start":{"line":195,"column":8},"end":{"line":195,"column":30}},"95":{"start":{"line":197,"column":4},"end":{"line":197,"column":18}},"96":{"start":{"line":200,"column":4},"end":{"line":200,"column":65}},"97":{"start":{"line":201,"column":4},"end":{"line":201,"column":79}},"98":{"start":{"line":201,"column":48},"end":{"line":201,"column":75}},"99":{"start":{"line":202,"column":4},"end":{"line":202,"column":32}},"100":{"start":{"line":205,"column":4},"end":{"line":249,"column":5}},"101":{"start":{"line":206,"column":8},"end":{"line":206,"column":66}},"102":{"start":{"line":207,"column":21},"end":{"line":207,"column":50}},"103":{"start":{"line":208,"column":8},"end":{"line":248,"column":9}},"104":{"start":{"line":209,"column":12},"end":{"line":209,"column":120}},"105":{"start":{"line":210,"column":25},"end":{"line":210,"column":52}},"106":{"start":{"line":211,"column":12},"end":{"line":218,"column":13}},"107":{"start":{"line":212,"column":26},"end":{"line":212,"column":49}},"108":{"start":{"line":213,"column":16},"end":{"line":215,"column":17}},"109":{"start":{"line":214,"column":20},"end":{"line":214,"column":29}},"110":{"start":{"line":217,"column":16},"end":{"line":217,"column":61}},"111":{"start":{"line":219,"column":12},"end":{"line":226,"column":13}},"112":{"start":{"line":220,"column":26},"end":{"line":220,"column":49}},"113":{"start":{"line":221,"column":16},"end":{"line":223,"column":17}},"114":{"start":{"line":222,"column":20},"end":{"line":222,"column":29}},"115":{"start":{"line":225,"column":16},"end":{"line":225,"column":58}},"116":{"start":{"line":227,"column":12},"end":{"line":236,"column":13}},"117":{"start":{"line":228,"column":16},"end":{"line":228,"column":111}},"118":{"start":{"line":229,"column":16},"end":{"line":229,"column":63}},"119":{"start":{"line":230,"column":16},"end":{"line":232,"column":19}},"120":{"start":{"line":231,"column":20},"end":{"line":231,"column":124}},"121":{"start":{"line":235,"column":16},"end":{"line":235,"column":25}},"122":{"start":{"line":238,"column":13},"end":{"line":248,"column":9}},"123":{"start":{"line":239,"column":12},"end":{"line":239,"column":25}},"124":{"start":{"line":240,"column":12},"end":{"line":240,"column":21}},"125":{"start":{"line":242,"column":13},"end":{"line":248,"column":9}},"126":{"start":{"line":243,"column":12},"end":{"line":243,"column":41}},"127":{"start":{"line":244,"column":12},"end":{"line":244,"column":18}},"128":{"start":{"line":247,"column":12},"end":{"line":247,"column":52}},"129":{"start":{"line":252,"column":4},"end":{"line":259,"column":5}},"130":{"start":{"line":253,"column":8},"end":{"line":253,"column":90}},"131":{"start":{"line":254,"column":24},"end":{"line":254,"column":67}},"132":{"start":{"line":255,"column":8},"end":{"line":257,"column":9}},"133":{"start":{"line":256,"column":12},"end":{"line":256,"column":29}},"134":{"start":{"line":258,"column":8},"end":{"line":258,"column":54}},"135":{"start":{"line":263,"column":17},"end":{"line":263,"column":32}},"136":{"start":{"line":264,"column":12},"end":{"line":264,"column":46}},"137":{"start":{"line":265,"column":4},"end":{"line":265,"column":23}},"138":{"start":{"line":268,"column":4},"end":{"line":268,"column":747}},"139":{"start":{"line":269,"column":22},"end":{"line":269,"column":74}},"140":{"start":{"line":270,"column":4},"end":{"line":270,"column":11}},"141":{"start":{"line":274,"column":4},"end":{"line":274,"column":155}},"142":{"start":{"line":276,"column":18},"end":{"line":276,"column":20}},"143":{"start":{"line":278,"column":20},"end":{"line":278,"column":50}},"144":{"start":{"line":279,"column":25},"end":{"line":279,"column":57}},"145":{"start":{"line":280,"column":15},"end":{"line":280,"column":29}},"146":{"start":{"line":281,"column":34},"end":{"line":281,"column":65}},"147":{"start":{"line":282,"column":25},"end":{"line":282,"column":44}},"148":{"start":{"line":283,"column":17},"end":{"line":283,"column":22}},"149":{"start":{"line":284,"column":17},"end":{"line":284,"column":20}},"150":{"start":{"line":285,"column":22},"end":{"line":285,"column":24}},"151":{"start":{"line":286,"column":24},"end":{"line":286,"column":26}},"152":{"start":{"line":287,"column":21},"end":{"line":287,"column":22}},"153":{"start":{"line":289,"column":4},"end":{"line":289,"column":124}},"154":{"start":{"line":289,"column":45},"end":{"line":289,"column":120}},"155":{"start":{"line":291,"column":8},"end":{"line":291,"column":20}},"156":{"start":{"line":292,"column":8},"end":{"line":292,"column":27}},"157":{"start":{"line":294,"column":8},"end":{"line":294,"column":129}},"158":{"start":{"line":294,"column":50},"end":{"line":294,"column":125}},"159":{"start":{"line":298,"column":8},"end":{"line":298,"column":131}},"160":{"start":{"line":298,"column":52},"end":{"line":298,"column":127}},"161":{"start":{"line":301,"column":8},"end":{"line":301,"column":21}},"162":{"start":{"line":302,"column":8},"end":{"line":302,"column":25}},"163":{"start":{"line":303,"column":8},"end":{"line":303,"column":27}},"164":{"start":{"line":306,"column":4},"end":{"line":308,"column":5}},"165":{"start":{"line":307,"column":8},"end":{"line":307,"column":30}},"166":{"start":{"line":310,"column":4},"end":{"line":312,"column":5}},"167":{"start":{"line":311,"column":8},"end":{"line":311,"column":32}},"168":{"start":{"line":314,"column":4},"end":{"line":316,"column":5}},"169":{"start":{"line":315,"column":8},"end":{"line":315,"column":30}},"170":{"start":{"line":318,"column":4},"end":{"line":371,"column":5}},"171":{"start":{"line":319,"column":8},"end":{"line":319,"column":39}},"172":{"start":{"line":320,"column":8},"end":{"line":320,"column":40}},"173":{"start":{"line":321,"column":8},"end":{"line":321,"column":44}},"174":{"start":{"line":322,"column":8},"end":{"line":322,"column":62}},"175":{"start":{"line":323,"column":8},"end":{"line":323,"column":55}},"176":{"start":{"line":324,"column":20},"end":{"line":324,"column":59}},"177":{"start":{"line":325,"column":31},"end":{"line":325,"column":52}},"178":{"start":{"line":326,"column":22},"end":{"line":326,"column":91}},"179":{"start":{"line":327,"column":8},"end":{"line":332,"column":9}},"180":{"start":{"line":328,"column":12},"end":{"line":328,"column":145}},"181":{"start":{"line":329,"column":25},"end":{"line":329,"column":63}},"182":{"start":{"line":330,"column":12},"end":{"line":330,"column":40}},"183":{"start":{"line":331,"column":12},"end":{"line":331,"column":19}},"184":{"start":{"line":333,"column":8},"end":{"line":347,"column":9}},"185":{"start":{"line":334,"column":25},"end":{"line":334,"column":69}},"186":{"start":{"line":335,"column":12},"end":{"line":338,"column":13}},"187":{"start":{"line":336,"column":16},"end":{"line":336,"column":50}},"188":{"start":{"line":337,"column":16},"end":{"line":337,"column":25}},"189":{"start":{"line":339,"column":12},"end":{"line":341,"column":13}},"190":{"start":{"line":340,"column":16},"end":{"line":340,"column":25}},"191":{"start":{"line":342,"column":12},"end":{"line":346,"column":13}},"192":{"start":{"line":343,"column":16},"end":{"line":343,"column":36}},"193":{"start":{"line":344,"column":16},"end":{"line":344,"column":50}},"194":{"start":{"line":345,"column":16},"end":{"line":345,"column":25}},"195":{"start":{"line":348,"column":8},"end":{"line":356,"column":9}},"196":{"start":{"line":349,"column":12},"end":{"line":349,"column":45}},"197":{"start":{"line":350,"column":12},"end":{"line":350,"column":224}},"198":{"start":{"line":353,"column":25},"end":{"line":353,"column":63}},"199":{"start":{"line":354,"column":12},"end":{"line":354,"column":40}},"200":{"start":{"line":355,"column":12},"end":{"line":355,"column":19}},"201":{"start":{"line":357,"column":8},"end":{"line":360,"column":9}},"202":{"start":{"line":358,"column":12},"end":{"line":358,"column":168}},"203":{"start":{"line":359,"column":12},"end":{"line":359,"column":21}},"204":{"start":{"line":361,"column":8},"end":{"line":365,"column":9}},"205":{"start":{"line":362,"column":12},"end":{"line":362,"column":164}},"206":{"start":{"line":363,"column":12},"end":{"line":363,"column":55}},"207":{"start":{"line":364,"column":12},"end":{"line":364,"column":21}},"208":{"start":{"line":366,"column":8},"end":{"line":370,"column":9}},"209":{"start":{"line":367,"column":12},"end":{"line":367,"column":183}},"210":{"start":{"line":368,"column":12},"end":{"line":368,"column":57}},"211":{"start":{"line":369,"column":12},"end":{"line":369,"column":21}}},"fnMap":{"0":{"name":"normalize_text","decl":{"start":{"line":31,"column":9},"end":{"line":31,"column":23}},"loc":{"start":{"line":31,"column":27},"end":{"line":38,"column":1}},"line":31},"1":{"name":"tokenize_text","decl":{"start":{"line":47,"column":9},"end":{"line":47,"column":22}},"loc":{"start":{"line":47,"column":26},"end":{"line":71,"column":1}},"line":47},"2":{"name":"redact_all_text","decl":{"start":{"line":79,"column":9},"end":{"line":79,"column":24}},"loc":{"start":{"line":79,"column":32},"end":{"line":81,"column":1}},"line":79},"3":{"name":"redact_all_text_tokenized","decl":{"start":{"line":89,"column":9},"end":{"line":89,"column":34}},"loc":{"start":{"line":89,"column":42},"end":{"line":91,"column":1}},"line":89},"4":{"name":"find_words","decl":{"start":{"line":104,"column":9},"end":{"line":104,"column":19}},"loc":{"start":{"line":104,"column":58},"end":{"line":117,"column":1}},"line":104},"5":{"name":"already_guessed","decl":{"start":{"line":127,"column":9},"end":{"line":127,"column":24}},"loc":{"start":{"line":127,"column":41},"end":{"line":136,"column":1}},"line":127},"6":{"name":"letters_spaces","decl":{"start":{"line":137,"column":9},"end":{"line":137,"column":23}},"loc":{"start":{"line":137,"column":30},"end":{"line":150,"column":1}},"line":137},"7":{"name":"hints","decl":{"start":{"line":151,"column":9},"end":{"line":151,"column":14}},"loc":{"start":{"line":151,"column":34},"end":{"line":184,"column":1}},"line":151},"8":{"name":"point_set","decl":{"start":{"line":186,"column":9},"end":{"line":186,"column":18}},"loc":{"start":{"line":186,"column":42},"end":{"line":198,"column":1}},"line":186},"9":{"name":"leaderboard","decl":{"start":{"line":199,"column":9},"end":{"line":199,"column":20}},"loc":{"start":{"line":199,"column":38},"end":{"line":203,"column":1}},"line":199},"10":{"name":"(anonymous_10)","decl":{"start":{"line":201,"column":30},"end":{"line":201,"column":31}},"loc":{"start":{"line":201,"column":46},"end":{"line":201,"column":77}},"line":201},"11":{"name":"meny","decl":{"start":{"line":204,"column":9},"end":{"line":204,"column":13}},"loc":{"start":{"line":204,"column":16},"end":{"line":250,"column":1}},"line":204},"12":{"name":"(anonymous_12)","decl":{"start":{"line":230,"column":45},"end":{"line":230,"column":46}},"loc":{"start":{"line":230,"column":70},"end":{"line":232,"column":17}},"line":230},"13":{"name":"helper_set_difficulty","decl":{"start":{"line":251,"column":9},"end":{"line":251,"column":30}},"loc":{"start":{"line":251,"column":33},"end":{"line":260,"column":1}},"line":251},"14":{"name":"generate_random_text","decl":{"start":{"line":262,"column":9},"end":{"line":262,"column":29}},"loc":{"start":{"line":262,"column":40},"end":{"line":266,"column":1}},"line":262},"15":{"name":"game_rules","decl":{"start":{"line":267,"column":9},"end":{"line":267,"column":19}},"loc":{"start":{"line":267,"column":22},"end":{"line":271,"column":1}},"line":267},"16":{"name":"gameplay_loop","decl":{"start":{"line":273,"column":9},"end":{"line":273,"column":22}},"loc":{"start":{"line":273,"column":45},"end":{"line":372,"column":1}},"line":273},"17":{"name":"(anonymous_17)","decl":{"start":{"line":289,"column":26},"end":{"line":289,"column":27}},"loc":{"start":{"line":289,"column":43},"end":{"line":289,"column":122}},"line":289},"18":{"name":"set_easy_difficulty","decl":{"start":{"line":290,"column":13},"end":{"line":290,"column":32}},"loc":{"start":{"line":290,"column":35},"end":{"line":295,"column":5}},"line":290},"19":{"name":"(anonymous_19)","decl":{"start":{"line":294,"column":31},"end":{"line":294,"column":32}},"loc":{"start":{"line":294,"column":48},"end":{"line":294,"column":127}},"line":294},"20":{"name":"set_medium_difficulty","decl":{"start":{"line":296,"column":13},"end":{"line":296,"column":34}},"loc":{"start":{"line":296,"column":37},"end":{"line":299,"column":5}},"line":296},"21":{"name":"(anonymous_21)","decl":{"start":{"line":298,"column":33},"end":{"line":298,"column":34}},"loc":{"start":{"line":298,"column":50},"end":{"line":298,"column":129}},"line":298},"22":{"name":"set_hard_difficulty","decl":{"start":{"line":300,"column":13},"end":{"line":300,"column":32}},"loc":{"start":{"line":300,"column":35},"end":{"line":305,"column":5}},"line":300}},"branchMap":{"0":{"loc":{"start":{"line":55,"column":8},"end":{"line":64,"column":9}},"type":"if","locations":[{"start":{"line":55,"column":8},"end":{"line":64,"column":9}},{"start":{"line":61,"column":13},"end":{"line":64,"column":9}}],"line":55},"1":{"loc":{"start":{"line":56,"column":12},"end":{"line":59,"column":13}},"type":"if","locations":[{"start":{"line":56,"column":12},"end":{"line":59,"column":13}},{"start":{},"end":{}}],"line":56},"2":{"loc":{"start":{"line":67,"column":4},"end":{"line":69,"column":5}},"type":"if","locations":[{"start":{"line":67,"column":4},"end":{"line":69,"column":5}},{"start":{},"end":{}}],"line":67},"3":{"loc":{"start":{"line":111,"column":8},"end":{"line":114,"column":9}},"type":"if","locations":[{"start":{"line":111,"column":8},"end":{"line":114,"column":9}},{"start":{},"end":{}}],"line":111},"4":{"loc":{"start":{"line":129,"column":8},"end":{"line":132,"column":9}},"type":"if","locations":[{"start":{"line":129,"column":8},"end":{"line":132,"column":9}},{"start":{},"end":{}}],"line":129},"5":{"loc":{"start":{"line":142,"column":8},"end":{"line":144,"column":9}},"type":"if","locations":[{"start":{"line":142,"column":8},"end":{"line":144,"column":9}},{"start":{},"end":{}}],"line":142},"6":{"loc":{"start":{"line":145,"column":8},"end":{"line":147,"column":9}},"type":"if","locations":[{"start":{"line":145,"column":8},"end":{"line":147,"column":9}},{"start":{},"end":{}}],"line":145},"7":{"loc":{"start":{"line":154,"column":4},"end":{"line":160,"column":5}},"type":"if","locations":[{"start":{"line":154,"column":4},"end":{"line":160,"column":5}},{"start":{},"end":{}}],"line":154},"8":{"loc":{"start":{"line":161,"column":4},"end":{"line":176,"column":5}},"type":"if","locations":[{"start":{"line":161,"column":4},"end":{"line":176,"column":5}},{"start":{},"end":{}}],"line":161},"9":{"loc":{"start":{"line":162,"column":8},"end":{"line":164,"column":9}},"type":"if","locations":[{"start":{"line":162,"column":8},"end":{"line":164,"column":9}},{"start":{},"end":{}}],"line":162},"10":{"loc":{"start":{"line":162,"column":12},"end":{"line":162,"column":50}},"type":"binary-expr","locations":[{"start":{"line":162,"column":12},"end":{"line":162,"column":23}},{"start":{"line":162,"column":27},"end":{"line":162,"column":50}}],"line":162},"11":{"loc":{"start":{"line":165,"column":8},"end":{"line":175,"column":9}},"type":"if","locations":[{"start":{"line":165,"column":8},"end":{"line":175,"column":9}},{"start":{"line":170,"column":13},"end":{"line":175,"column":9}}],"line":165},"12":{"loc":{"start":{"line":177,"column":4},"end":{"line":183,"column":5}},"type":"if","locations":[{"start":{"line":177,"column":4},"end":{"line":183,"column":5}},{"start":{"line":180,"column":9},"end":{"line":183,"column":5}}],"line":177},"13":{"loc":{"start":{"line":188,"column":4},"end":{"line":190,"column":5}},"type":"if","locations":[{"start":{"line":188,"column":4},"end":{"line":190,"column":5}},{"start":{},"end":{}}],"line":188},"14":{"loc":{"start":{"line":191,"column":4},"end":{"line":193,"column":5}},"type":"if","locations":[{"start":{"line":191,"column":4},"end":{"line":193,"column":5}},{"start":{},"end":{}}],"line":191},"15":{"loc":{"start":{"line":194,"column":4},"end":{"line":196,"column":5}},"type":"if","locations":[{"start":{"line":194,"column":4},"end":{"line":196,"column":5}},{"start":{},"end":{}}],"line":194},"16":{"loc":{"start":{"line":208,"column":8},"end":{"line":248,"column":9}},"type":"if","locations":[{"start":{"line":208,"column":8},"end":{"line":248,"column":9}},{"start":{"line":238,"column":13},"end":{"line":248,"column":9}}],"line":208},"17":{"loc":{"start":{"line":211,"column":12},"end":{"line":218,"column":13}},"type":"if","locations":[{"start":{"line":211,"column":12},"end":{"line":218,"column":13}},{"start":{},"end":{}}],"line":211},"18":{"loc":{"start":{"line":213,"column":16},"end":{"line":215,"column":17}},"type":"if","locations":[{"start":{"line":213,"column":16},"end":{"line":215,"column":17}},{"start":{},"end":{}}],"line":213},"19":{"loc":{"start":{"line":219,"column":12},"end":{"line":226,"column":13}},"type":"if","locations":[{"start":{"line":219,"column":12},"end":{"line":226,"column":13}},{"start":{},"end":{}}],"line":219},"20":{"loc":{"start":{"line":221,"column":16},"end":{"line":223,"column":17}},"type":"if","locations":[{"start":{"line":221,"column":16},"end":{"line":223,"column":17}},{"start":{},"end":{}}],"line":221},"21":{"loc":{"start":{"line":227,"column":12},"end":{"line":236,"column":13}},"type":"if","locations":[{"start":{"line":227,"column":12},"end":{"line":236,"column":13}},{"start":{"line":234,"column":17},"end":{"line":236,"column":13}}],"line":227},"22":{"loc":{"start":{"line":238,"column":13},"end":{"line":248,"column":9}},"type":"if","locations":[{"start":{"line":238,"column":13},"end":{"line":248,"column":9}},{"start":{"line":242,"column":13},"end":{"line":248,"column":9}}],"line":238},"23":{"loc":{"start":{"line":242,"column":13},"end":{"line":248,"column":9}},"type":"if","locations":[{"start":{"line":242,"column":13},"end":{"line":248,"column":9}},{"start":{"line":246,"column":13},"end":{"line":248,"column":9}}],"line":242},"24":{"loc":{"start":{"line":255,"column":8},"end":{"line":257,"column":9}},"type":"if","locations":[{"start":{"line":255,"column":8},"end":{"line":257,"column":9}},{"start":{},"end":{}}],"line":255},"25":{"loc":{"start":{"line":255,"column":12},"end":{"line":255,"column":92}},"type":"binary-expr","locations":[{"start":{"line":255,"column":12},"end":{"line":255,"column":29}},{"start":{"line":255,"column":33},"end":{"line":255,"column":50}},{"start":{"line":255,"column":54},"end":{"line":255,"column":71}},{"start":{"line":255,"column":75},"end":{"line":255,"column":92}}],"line":255},"26":{"loc":{"start":{"line":306,"column":4},"end":{"line":308,"column":5}},"type":"if","locations":[{"start":{"line":306,"column":4},"end":{"line":308,"column":5}},{"start":{},"end":{}}],"line":306},"27":{"loc":{"start":{"line":310,"column":4},"end":{"line":312,"column":5}},"type":"if","locations":[{"start":{"line":310,"column":4},"end":{"line":312,"column":5}},{"start":{},"end":{}}],"line":310},"28":{"loc":{"start":{"line":314,"column":4},"end":{"line":316,"column":5}},"type":"if","locations":[{"start":{"line":314,"column":4},"end":{"line":316,"column":5}},{"start":{},"end":{}}],"line":314},"29":{"loc":{"start":{"line":327,"column":8},"end":{"line":332,"column":9}},"type":"if","locations":[{"start":{"line":327,"column":8},"end":{"line":332,"column":9}},{"start":{},"end":{}}],"line":327},"30":{"loc":{"start":{"line":333,"column":8},"end":{"line":347,"column":9}},"type":"if","locations":[{"start":{"line":333,"column":8},"end":{"line":347,"column":9}},{"start":{},"end":{}}],"line":333},"31":{"loc":{"start":{"line":335,"column":12},"end":{"line":338,"column":13}},"type":"if","locations":[{"start":{"line":335,"column":12},"end":{"line":338,"column":13}},{"start":{},"end":{}}],"line":335},"32":{"loc":{"start":{"line":339,"column":12},"end":{"line":341,"column":13}},"type":"if","locations":[{"start":{"line":339,"column":12},"end":{"line":341,"column":13}},{"start":{},"end":{}}],"line":339},"33":{"loc":{"start":{"line":342,"column":12},"end":{"line":346,"column":13}},"type":"if","locations":[{"start":{"line":342,"column":12},"end":{"line":346,"column":13}},{"start":{},"end":{}}],"line":342},"34":{"loc":{"start":{"line":348,"column":8},"end":{"line":356,"column":9}},"type":"if","locations":[{"start":{"line":348,"column":8},"end":{"line":356,"column":9}},{"start":{},"end":{}}],"line":348},"35":{"loc":{"start":{"line":357,"column":8},"end":{"line":360,"column":9}},"type":"if","locations":[{"start":{"line":357,"column":8},"end":{"line":360,"column":9}},{"start":{},"end":{}}],"line":357},"36":{"loc":{"start":{"line":361,"column":8},"end":{"line":365,"column":9}},"type":"if","locations":[{"start":{"line":361,"column":8},"end":{"line":365,"column":9}},{"start":{},"end":{}}],"line":361},"37":{"loc":{"start":{"line":366,"column":8},"end":{"line":370,"column":9}},"type":"if","locations":[{"start":{"line":366,"column":8},"end":{"line":370,"column":9}},{"start":{},"end":{}}],"line":366}},"s":{"0":1,"1":1,"2":1,"3":1,"4":1,"5":1,"6":1,"7":1,"8":1,"9":1,"10":1,"11":1,"12":1,"13":1,"14":1,"15":1,"16":1,"17":1,"18":1,"19":1,"20":1,"21":14,"22":8,"23":8,"24":8,"25":8,"26":8,"27":8,"28":149,"29":149,"30":25,"31":25,"32":25,"33":124,"34":8,"35":7,"36":8,"37":2,"38":1,"39":1,"40":1,"41":1,"42":1,"43":1,"44":5,"45":5,"46":1,"47":1,"48":1,"49":3,"50":3,"51":4,"52":2,"53":2,"54":1,"55":1,"56":1,"57":1,"58":1,"59":1,"60":6,"61":6,"62":6,"63":6,"64":0,"65":1,"66":0,"67":0,"68":0,"69":0,"70":0,"71":0,"72":0,"73":0,"74":0,"75":0,"76":0,"77":0,"78":0,"79":0,"80":0,"81":0,"82":0,"83":0,"84":0,"85":0,"86":0,"87":0,"88":0,"89":0,"90":0,"91":0,"92":0,"93":0,"94":0,"95":0,"96":2,"97":2,"98":1,"99":2,"100":0,"101":0,"102":0,"103":0,"104":0,"105":0,"106":0,"107":0,"108":0,"109":0,"110":0,"111":0,"112":0,"113":0,"114":0,"115":0,"116":0,"117":0,"118":0,"119":0,"120":0,"121":0,"122":0,"123":0,"124":0,"125":0,"126":0,"127":0,"128":0,"129":0,"130":0,"131":0,"132":0,"133":0,"134":0,"135":2,"136":2,"137":2,"138":0,"139":0,"140":0,"141":0,"142":0,"143":0,"144":0,"145":0,"146":0,"147":0,"148":0,"149":0,"150":0,"151":0,"152":0,"153":0,"154":0,"155":0,"156":0,"157":0,"158":0,"159":0,"160":0,"161":0,"162":0,"163":0,"164":0,"165":0,"166":0,"167":0,"168":0,"169":0,"170":0,"171":0,"172":0,"173":0,"174":0,"175":0,"176":0,"177":0,"178":0,"179":0,"180":0,"181":0,"182":0,"183":0,"184":0,"185":0,"186":0,"187":0,"188":0,"189":0,"190":0,"191":0,"192":0,"193":0,"194":0,"195":0,"196":0,"197":0,"198":0,"199":0,"200":0,"201":0,"202":0,"203":0,"204":0,"205":0,"206":0,"207":0,"208":0,"209":0,"210":0,"211":0},"f":{"0":14,"1":8,"2":2,"3":1,"4":1,"5":3,"6":1,"7":0,"8":0,"9":2,"10":1,"11":0,"12":0,"13":0,"14":2,"15":0,"16":0,"17":0,"18":0,"19":0,"20":0,"21":0,"22":0},"b":{"0":[25,124],"1":[25,0],"2":[7,1],"3":[1,4],"4":[2,2],"5":[6,0],"6":[0,6],"7":[0,0],"8":[0,0],"9":[0,0],"10":[0,0],"11":[0,0],"12":[0,0],"13":[0,0],"14":[0,0],"15":[0,0],"16":[0,0],"17":[0,0],"18":[0,0],"19":[0,0],"20":[0,0],"21":[0,0],"22":[0,0],"23":[0,0],"24":[0,0],"25":[0,0,0,0],"26":[0,0],"27":[0,0],"28":[0,0],"29":[0,0],"30":[0,0],"31":[0,0],"32":[0,0],"33":[0,0],"34":[0,0],"35":[0,0],"36":[0,0],"37":[0,0]},"inputSourceMap":null,"_coverageSchema":"1a1c01bbd47fc00a2c39e90264f33305004495a9","hash":"ff1521f96c559a94ab68b4e614249766a9d10a50"}
,"C:\\Users\\isakt\\OneDrive - Uppsala universitet\\Dokument\\GitHub\\Project_Redacted_Text\\Texts.js": {"path":"C:\\Users\\isakt\\OneDrive - Uppsala universitet\\Dokument\\GitHub\\Project_Redacted_Text\\Texts.js","statementMap":{"0":{"start":{"line":2,"column":0},"end":{"line":2,"column":62}},"1":{"start":{"line":3,"column":0},"end":{"line":3,"column":52}},"2":{"start":{"line":4,"column":0},"end":{"line":43,"column":2}},"3":{"start":{"line":44,"column":0},"end":{"line":85,"column":2}}},"fnMap":{},"branchMap":{},"s":{"0":1,"1":1,"2":1,"3":1},"f":{},"b":{},"inputSourceMap":null,"_coverageSchema":"1a1c01bbd47fc00a2c39e90264f33305004495a9","hash":"85df34928c8b1b7c6f9b12d467cd4bfbc20177fd"}
}
