{"C:\\Users\\isakt\\OneDrive - Uppsala universitet\\Dokument\\GitHub\\Project_Redacted_Text\\Redact_unredact_text.js": {"path":"C:\\Users\\isakt\\OneDrive - Uppsala universitet\\Dokument\\GitHub\\Project_Redacted_Text\\Redact_unredact_text.js","statementMap":{"0":{"start":{"line":2,"column":0},"end":{"line":2,"column":62}},"1":{"start":{"line":3,"column":0},"end":{"line":3,"column":40}},"2":{"start":{"line":4,"column":0},"end":{"line":4,"column":38}},"3":{"start":{"line":5,"column":0},"end":{"line":5,"column":42}},"4":{"start":{"line":6,"column":0},"end":{"line":6,"column":62}},"5":{"start":{"line":7,"column":0},"end":{"line":7,"column":32}},"6":{"start":{"line":8,"column":0},"end":{"line":8,"column":42}},"7":{"start":{"line":9,"column":0},"end":{"line":9,"column":40}},"8":{"start":{"line":10,"column":0},"end":{"line":10,"column":22}},"9":{"start":{"line":11,"column":0},"end":{"line":11,"column":30}},"10":{"start":{"line":12,"column":0},"end":{"line":12,"column":34}},"11":{"start":{"line":13,"column":0},"end":{"line":13,"column":20}},"12":{"start":{"line":14,"column":0},"end":{"line":14,"column":54}},"13":{"start":{"line":15,"column":0},"end":{"line":15,"column":52}},"14":{"start":{"line":16,"column":0},"end":{"line":16,"column":32}},"15":{"start":{"line":17,"column":0},"end":{"line":17,"column":38}},"16":{"start":{"line":18,"column":17},"end":{"line":18,"column":38}},"17":{"start":{"line":19,"column":13},"end":{"line":19,"column":53}},"18":{"start":{"line":20,"column":20},"end":{"line":20,"column":110}},"19":{"start":{"line":30,"column":4},"end":{"line":35,"column":16}},"20":{"start":{"line":46,"column":17},"end":{"line":46,"column":19}},"21":{"start":{"line":47,"column":20},"end":{"line":47,"column":37}},"22":{"start":{"line":48,"column":12},"end":{"line":48,"column":28}},"23":{"start":{"line":49,"column":24},"end":{"line":49,"column":26}},"24":{"start":{"line":51,"column":4},"end":{"line":63,"column":5}},"25":{"start":{"line":51,"column":17},"end":{"line":51,"column":18}},"26":{"start":{"line":52,"column":29},"end":{"line":52,"column":48}},"27":{"start":{"line":53,"column":8},"end":{"line":62,"column":9}},"28":{"start":{"line":54,"column":12},"end":{"line":57,"column":13}},"29":{"start":{"line":55,"column":16},"end":{"line":55,"column":43}},"30":{"start":{"line":56,"column":16},"end":{"line":56,"column":35}},"31":{"start":{"line":61,"column":12},"end":{"line":61,"column":59}},"32":{"start":{"line":65,"column":4},"end":{"line":67,"column":5}},"33":{"start":{"line":66,"column":8},"end":{"line":66,"column":35}},"34":{"start":{"line":68,"column":4},"end":{"line":68,"column":18}},"35":{"start":{"line":78,"column":4},"end":{"line":78,"column":42}},"36":{"start":{"line":88,"column":4},"end":{"line":88,"column":59}},"37":{"start":{"line":103,"column":13},"end":{"line":103,"column":18}},"38":{"start":{"line":104,"column":12},"end":{"line":104,"column":23}},"39":{"start":{"line":105,"column":27},"end":{"line":105,"column":48}},"40":{"start":{"line":107,"column":4},"end":{"line":113,"column":5}},"41":{"start":{"line":107,"column":17},"end":{"line":107,"column":18}},"42":{"start":{"line":108,"column":34},"end":{"line":108,"column":72}},"43":{"start":{"line":109,"column":8},"end":{"line":112,"column":9}},"44":{"start":{"line":110,"column":12},"end":{"line":110,"column":49}},"45":{"start":{"line":111,"column":12},"end":{"line":111,"column":22}},"46":{"start":{"line":114,"column":4},"end":{"line":114,"column":14}},"47":{"start":{"line":126,"column":4},"end":{"line":131,"column":5}},"48":{"start":{"line":126,"column":17},"end":{"line":126,"column":18}},"49":{"start":{"line":127,"column":8},"end":{"line":130,"column":9}},"50":{"start":{"line":128,"column":12},"end":{"line":128,"column":58}},"51":{"start":{"line":129,"column":12},"end":{"line":129,"column":24}},"52":{"start":{"line":132,"column":4},"end":{"line":132,"column":24}},"53":{"start":{"line":133,"column":4},"end":{"line":133,"column":17}},"54":{"start":{"line":136,"column":18},"end":{"line":136,"column":19}},"55":{"start":{"line":137,"column":17},"end":{"line":137,"column":18}},"56":{"start":{"line":138,"column":4},"end":{"line":146,"column":5}},"57":{"start":{"line":138,"column":17},"end":{"line":138,"column":18}},"58":{"start":{"line":139,"column":17},"end":{"line":139,"column":31}},"59":{"start":{"line":140,"column":8},"end":{"line":142,"column":9}},"60":{"start":{"line":141,"column":12},"end":{"line":141,"column":22}},"61":{"start":{"line":143,"column":8},"end":{"line":145,"column":9}},"62":{"start":{"line":144,"column":12},"end":{"line":144,"column":21}},"63":{"start":{"line":147,"column":4},"end":{"line":147,"column":48}},"64":{"start":{"line":150,"column":4},"end":{"line":150,"column":153}},"65":{"start":{"line":151,"column":16},"end":{"line":151,"column":52}},"66":{"start":{"line":152,"column":4},"end":{"line":158,"column":5}},"67":{"start":{"line":153,"column":21},"end":{"line":153,"column":41}},"68":{"start":{"line":154,"column":8},"end":{"line":154,"column":103}},"69":{"start":{"line":155,"column":8},"end":{"line":155,"column":93}},"70":{"start":{"line":156,"column":8},"end":{"line":156,"column":25}},"71":{"start":{"line":157,"column":8},"end":{"line":157,"column":20}},"72":{"start":{"line":159,"column":4},"end":{"line":174,"column":5}},"73":{"start":{"line":160,"column":8},"end":{"line":162,"column":9}},"74":{"start":{"line":161,"column":12},"end":{"line":161,"column":25}},"75":{"start":{"line":163,"column":8},"end":{"line":173,"column":9}},"76":{"start":{"line":164,"column":12},"end":{"line":164,"column":107}},"77":{"start":{"line":165,"column":12},"end":{"line":165,"column":44}},"78":{"start":{"line":166,"column":12},"end":{"line":166,"column":25}},"79":{"start":{"line":169,"column":12},"end":{"line":169,"column":107}},"80":{"start":{"line":170,"column":12},"end":{"line":170,"column":53}},"81":{"start":{"line":171,"column":12},"end":{"line":171,"column":29}},"82":{"start":{"line":172,"column":12},"end":{"line":172,"column":29}},"83":{"start":{"line":175,"column":4},"end":{"line":181,"column":5}},"84":{"start":{"line":176,"column":8},"end":{"line":176,"column":21}},"85":{"start":{"line":179,"column":8},"end":{"line":179,"column":37}},"86":{"start":{"line":180,"column":8},"end":{"line":180,"column":40}},"87":{"start":{"line":186,"column":4},"end":{"line":188,"column":5}},"88":{"start":{"line":187,"column":8},"end":{"line":187,"column":30}},"89":{"start":{"line":189,"column":4},"end":{"line":191,"column":5}},"90":{"start":{"line":190,"column":8},"end":{"line":190,"column":30}},"91":{"start":{"line":192,"column":4},"end":{"line":194,"column":5}},"92":{"start":{"line":193,"column":8},"end":{"line":193,"column":30}},"93":{"start":{"line":195,"column":4},"end":{"line":195,"column":18}},"94":{"start":{"line":197,"column":19},"end":{"line":197,"column":21}},"95":{"start":{"line":199,"column":4},"end":{"line":199,"column":57}},"96":{"start":{"line":200,"column":4},"end":{"line":200,"column":71}},"97":{"start":{"line":200,"column":40},"end":{"line":200,"column":67}},"98":{"start":{"line":201,"column":4},"end":{"line":201,"column":24}},"99":{"start":{"line":204,"column":4},"end":{"line":248,"column":5}},"100":{"start":{"line":205,"column":8},"end":{"line":205,"column":66}},"101":{"start":{"line":206,"column":21},"end":{"line":206,"column":50}},"102":{"start":{"line":207,"column":8},"end":{"line":247,"column":9}},"103":{"start":{"line":208,"column":12},"end":{"line":208,"column":120}},"104":{"start":{"line":209,"column":25},"end":{"line":209,"column":52}},"105":{"start":{"line":210,"column":12},"end":{"line":217,"column":13}},"106":{"start":{"line":211,"column":26},"end":{"line":211,"column":49}},"107":{"start":{"line":212,"column":16},"end":{"line":214,"column":17}},"108":{"start":{"line":213,"column":20},"end":{"line":213,"column":29}},"109":{"start":{"line":216,"column":16},"end":{"line":216,"column":61}},"110":{"start":{"line":218,"column":12},"end":{"line":225,"column":13}},"111":{"start":{"line":219,"column":26},"end":{"line":219,"column":49}},"112":{"start":{"line":220,"column":16},"end":{"line":222,"column":17}},"113":{"start":{"line":221,"column":20},"end":{"line":221,"column":29}},"114":{"start":{"line":224,"column":16},"end":{"line":224,"column":58}},"115":{"start":{"line":226,"column":12},"end":{"line":235,"column":13}},"116":{"start":{"line":227,"column":16},"end":{"line":227,"column":111}},"117":{"start":{"line":228,"column":16},"end":{"line":228,"column":63}},"118":{"start":{"line":229,"column":16},"end":{"line":231,"column":19}},"119":{"start":{"line":230,"column":20},"end":{"line":230,"column":124}},"120":{"start":{"line":234,"column":16},"end":{"line":234,"column":25}},"121":{"start":{"line":237,"column":13},"end":{"line":247,"column":9}},"122":{"start":{"line":238,"column":12},"end":{"line":238,"column":25}},"123":{"start":{"line":239,"column":12},"end":{"line":239,"column":21}},"124":{"start":{"line":241,"column":13},"end":{"line":247,"column":9}},"125":{"start":{"line":242,"column":12},"end":{"line":242,"column":41}},"126":{"start":{"line":243,"column":12},"end":{"line":243,"column":18}},"127":{"start":{"line":246,"column":12},"end":{"line":246,"column":52}},"128":{"start":{"line":251,"column":4},"end":{"line":258,"column":5}},"129":{"start":{"line":252,"column":8},"end":{"line":252,"column":90}},"130":{"start":{"line":253,"column":24},"end":{"line":253,"column":67}},"131":{"start":{"line":254,"column":8},"end":{"line":256,"column":9}},"132":{"start":{"line":255,"column":12},"end":{"line":255,"column":29}},"133":{"start":{"line":257,"column":8},"end":{"line":257,"column":54}},"134":{"start":{"line":262,"column":17},"end":{"line":262,"column":32}},"135":{"start":{"line":263,"column":12},"end":{"line":263,"column":46}},"136":{"start":{"line":264,"column":4},"end":{"line":264,"column":23}},"137":{"start":{"line":267,"column":4},"end":{"line":267,"column":747}},"138":{"start":{"line":268,"column":22},"end":{"line":268,"column":74}},"139":{"start":{"line":269,"column":4},"end":{"line":269,"column":11}},"140":{"start":{"line":273,"column":4},"end":{"line":273,"column":155}},"141":{"start":{"line":275,"column":18},"end":{"line":275,"column":20}},"142":{"start":{"line":277,"column":20},"end":{"line":277,"column":50}},"143":{"start":{"line":278,"column":25},"end":{"line":278,"column":57}},"144":{"start":{"line":279,"column":15},"end":{"line":279,"column":29}},"145":{"start":{"line":280,"column":34},"end":{"line":280,"column":65}},"146":{"start":{"line":281,"column":25},"end":{"line":281,"column":44}},"147":{"start":{"line":282,"column":17},"end":{"line":282,"column":22}},"148":{"start":{"line":283,"column":17},"end":{"line":283,"column":20}},"149":{"start":{"line":284,"column":22},"end":{"line":284,"column":24}},"150":{"start":{"line":285,"column":24},"end":{"line":285,"column":26}},"151":{"start":{"line":286,"column":21},"end":{"line":286,"column":22}},"152":{"start":{"line":288,"column":4},"end":{"line":288,"column":124}},"153":{"start":{"line":288,"column":45},"end":{"line":288,"column":120}},"154":{"start":{"line":290,"column":8},"end":{"line":290,"column":20}},"155":{"start":{"line":291,"column":8},"end":{"line":291,"column":27}},"156":{"start":{"line":293,"column":8},"end":{"line":293,"column":129}},"157":{"start":{"line":293,"column":50},"end":{"line":293,"column":125}},"158":{"start":{"line":297,"column":8},"end":{"line":297,"column":131}},"159":{"start":{"line":297,"column":52},"end":{"line":297,"column":127}},"160":{"start":{"line":300,"column":8},"end":{"line":300,"column":21}},"161":{"start":{"line":301,"column":8},"end":{"line":301,"column":25}},"162":{"start":{"line":302,"column":8},"end":{"line":302,"column":27}},"163":{"start":{"line":305,"column":4},"end":{"line":307,"column":5}},"164":{"start":{"line":306,"column":8},"end":{"line":306,"column":30}},"165":{"start":{"line":309,"column":4},"end":{"line":311,"column":5}},"166":{"start":{"line":310,"column":8},"end":{"line":310,"column":32}},"167":{"start":{"line":313,"column":4},"end":{"line":315,"column":5}},"168":{"start":{"line":314,"column":8},"end":{"line":314,"column":30}},"169":{"start":{"line":317,"column":4},"end":{"line":370,"column":5}},"170":{"start":{"line":318,"column":8},"end":{"line":318,"column":39}},"171":{"start":{"line":319,"column":8},"end":{"line":319,"column":40}},"172":{"start":{"line":320,"column":8},"end":{"line":320,"column":44}},"173":{"start":{"line":321,"column":8},"end":{"line":321,"column":62}},"174":{"start":{"line":322,"column":8},"end":{"line":322,"column":55}},"175":{"start":{"line":323,"column":20},"end":{"line":323,"column":59}},"176":{"start":{"line":324,"column":31},"end":{"line":324,"column":52}},"177":{"start":{"line":325,"column":22},"end":{"line":325,"column":91}},"178":{"start":{"line":326,"column":8},"end":{"line":331,"column":9}},"179":{"start":{"line":327,"column":12},"end":{"line":327,"column":145}},"180":{"start":{"line":328,"column":25},"end":{"line":328,"column":63}},"181":{"start":{"line":329,"column":12},"end":{"line":329,"column":40}},"182":{"start":{"line":330,"column":12},"end":{"line":330,"column":19}},"183":{"start":{"line":332,"column":8},"end":{"line":346,"column":9}},"184":{"start":{"line":333,"column":25},"end":{"line":333,"column":69}},"185":{"start":{"line":334,"column":12},"end":{"line":337,"column":13}},"186":{"start":{"line":335,"column":16},"end":{"line":335,"column":50}},"187":{"start":{"line":336,"column":16},"end":{"line":336,"column":25}},"188":{"start":{"line":338,"column":12},"end":{"line":340,"column":13}},"189":{"start":{"line":339,"column":16},"end":{"line":339,"column":25}},"190":{"start":{"line":341,"column":12},"end":{"line":345,"column":13}},"191":{"start":{"line":342,"column":16},"end":{"line":342,"column":36}},"192":{"start":{"line":343,"column":16},"end":{"line":343,"column":50}},"193":{"start":{"line":344,"column":16},"end":{"line":344,"column":25}},"194":{"start":{"line":347,"column":8},"end":{"line":355,"column":9}},"195":{"start":{"line":348,"column":12},"end":{"line":348,"column":45}},"196":{"start":{"line":349,"column":12},"end":{"line":349,"column":224}},"197":{"start":{"line":352,"column":25},"end":{"line":352,"column":63}},"198":{"start":{"line":353,"column":12},"end":{"line":353,"column":40}},"199":{"start":{"line":354,"column":12},"end":{"line":354,"column":19}},"200":{"start":{"line":356,"column":8},"end":{"line":359,"column":9}},"201":{"start":{"line":357,"column":12},"end":{"line":357,"column":168}},"202":{"start":{"line":358,"column":12},"end":{"line":358,"column":21}},"203":{"start":{"line":360,"column":8},"end":{"line":364,"column":9}},"204":{"start":{"line":361,"column":12},"end":{"line":361,"column":164}},"205":{"start":{"line":362,"column":12},"end":{"line":362,"column":55}},"206":{"start":{"line":363,"column":12},"end":{"line":363,"column":21}},"207":{"start":{"line":365,"column":8},"end":{"line":369,"column":9}},"208":{"start":{"line":366,"column":12},"end":{"line":366,"column":183}},"209":{"start":{"line":367,"column":12},"end":{"line":367,"column":57}},"210":{"start":{"line":368,"column":12},"end":{"line":368,"column":21}},"211":{"start":{"line":372,"column":0},"end":{"line":372,"column":7}}},"fnMap":{"0":{"name":"normalize_text","decl":{"start":{"line":29,"column":9},"end":{"line":29,"column":23}},"loc":{"start":{"line":29,"column":27},"end":{"line":36,"column":1}},"line":29},"1":{"name":"tokenize_text","decl":{"start":{"line":45,"column":9},"end":{"line":45,"column":22}},"loc":{"start":{"line":45,"column":26},"end":{"line":69,"column":1}},"line":45},"2":{"name":"redact_all_text","decl":{"start":{"line":77,"column":9},"end":{"line":77,"column":24}},"loc":{"start":{"line":77,"column":32},"end":{"line":79,"column":1}},"line":77},"3":{"name":"redact_all_text_tokenized","decl":{"start":{"line":87,"column":9},"end":{"line":87,"column":34}},"loc":{"start":{"line":87,"column":42},"end":{"line":89,"column":1}},"line":87},"4":{"name":"find_words","decl":{"start":{"line":102,"column":9},"end":{"line":102,"column":19}},"loc":{"start":{"line":102,"column":58},"end":{"line":115,"column":1}},"line":102},"5":{"name":"already_guessed","decl":{"start":{"line":125,"column":9},"end":{"line":125,"column":24}},"loc":{"start":{"line":125,"column":41},"end":{"line":134,"column":1}},"line":125},"6":{"name":"letters_spaces","decl":{"start":{"line":135,"column":9},"end":{"line":135,"column":23}},"loc":{"start":{"line":135,"column":30},"end":{"line":148,"column":1}},"line":135},"7":{"name":"hints","decl":{"start":{"line":149,"column":9},"end":{"line":149,"column":14}},"loc":{"start":{"line":149,"column":34},"end":{"line":182,"column":1}},"line":149},"8":{"name":"point_set","decl":{"start":{"line":184,"column":9},"end":{"line":184,"column":18}},"loc":{"start":{"line":184,"column":42},"end":{"line":196,"column":1}},"line":184},"9":{"name":"leaderboard","decl":{"start":{"line":198,"column":9},"end":{"line":198,"column":20}},"loc":{"start":{"line":198,"column":38},"end":{"line":202,"column":1}},"line":198},"10":{"name":"(anonymous_10)","decl":{"start":{"line":200,"column":22},"end":{"line":200,"column":23}},"loc":{"start":{"line":200,"column":38},"end":{"line":200,"column":69}},"line":200},"11":{"name":"meny","decl":{"start":{"line":203,"column":9},"end":{"line":203,"column":13}},"loc":{"start":{"line":203,"column":16},"end":{"line":249,"column":1}},"line":203},"12":{"name":"(anonymous_12)","decl":{"start":{"line":229,"column":37},"end":{"line":229,"column":38}},"loc":{"start":{"line":229,"column":62},"end":{"line":231,"column":17}},"line":229},"13":{"name":"helper_set_difficulty","decl":{"start":{"line":250,"column":9},"end":{"line":250,"column":30}},"loc":{"start":{"line":250,"column":33},"end":{"line":259,"column":1}},"line":250},"14":{"name":"generate_random_text","decl":{"start":{"line":261,"column":9},"end":{"line":261,"column":29}},"loc":{"start":{"line":261,"column":40},"end":{"line":265,"column":1}},"line":261},"15":{"name":"game_rules","decl":{"start":{"line":266,"column":9},"end":{"line":266,"column":19}},"loc":{"start":{"line":266,"column":22},"end":{"line":270,"column":1}},"line":266},"16":{"name":"gameplay_loop","decl":{"start":{"line":272,"column":9},"end":{"line":272,"column":22}},"loc":{"start":{"line":272,"column":45},"end":{"line":371,"column":1}},"line":272},"17":{"name":"(anonymous_17)","decl":{"start":{"line":288,"column":26},"end":{"line":288,"column":27}},"loc":{"start":{"line":288,"column":43},"end":{"line":288,"column":122}},"line":288},"18":{"name":"set_easy_difficulty","decl":{"start":{"line":289,"column":13},"end":{"line":289,"column":32}},"loc":{"start":{"line":289,"column":35},"end":{"line":294,"column":5}},"line":289},"19":{"name":"(anonymous_19)","decl":{"start":{"line":293,"column":31},"end":{"line":293,"column":32}},"loc":{"start":{"line":293,"column":48},"end":{"line":293,"column":127}},"line":293},"20":{"name":"set_medium_difficulty","decl":{"start":{"line":295,"column":13},"end":{"line":295,"column":34}},"loc":{"start":{"line":295,"column":37},"end":{"line":298,"column":5}},"line":295},"21":{"name":"(anonymous_21)","decl":{"start":{"line":297,"column":33},"end":{"line":297,"column":34}},"loc":{"start":{"line":297,"column":50},"end":{"line":297,"column":129}},"line":297},"22":{"name":"set_hard_difficulty","decl":{"start":{"line":299,"column":13},"end":{"line":299,"column":32}},"loc":{"start":{"line":299,"column":35},"end":{"line":304,"column":5}},"line":299}},"branchMap":{"0":{"loc":{"start":{"line":53,"column":8},"end":{"line":62,"column":9}},"type":"if","locations":[{"start":{"line":53,"column":8},"end":{"line":62,"column":9}},{"start":{"line":59,"column":13},"end":{"line":62,"column":9}}],"line":53},"1":{"loc":{"start":{"line":54,"column":12},"end":{"line":57,"column":13}},"type":"if","locations":[{"start":{"line":54,"column":12},"end":{"line":57,"column":13}},{"start":{},"end":{}}],"line":54},"2":{"loc":{"start":{"line":65,"column":4},"end":{"line":67,"column":5}},"type":"if","locations":[{"start":{"line":65,"column":4},"end":{"line":67,"column":5}},{"start":{},"end":{}}],"line":65},"3":{"loc":{"start":{"line":109,"column":8},"end":{"line":112,"column":9}},"type":"if","locations":[{"start":{"line":109,"column":8},"end":{"line":112,"column":9}},{"start":{},"end":{}}],"line":109},"4":{"loc":{"start":{"line":127,"column":8},"end":{"line":130,"column":9}},"type":"if","locations":[{"start":{"line":127,"column":8},"end":{"line":130,"column":9}},{"start":{},"end":{}}],"line":127},"5":{"loc":{"start":{"line":140,"column":8},"end":{"line":142,"column":9}},"type":"if","locations":[{"start":{"line":140,"column":8},"end":{"line":142,"column":9}},{"start":{},"end":{}}],"line":140},"6":{"loc":{"start":{"line":143,"column":8},"end":{"line":145,"column":9}},"type":"if","locations":[{"start":{"line":143,"column":8},"end":{"line":145,"column":9}},{"start":{},"end":{}}],"line":143},"7":{"loc":{"start":{"line":152,"column":4},"end":{"line":158,"column":5}},"type":"if","locations":[{"start":{"line":152,"column":4},"end":{"line":158,"column":5}},{"start":{},"end":{}}],"line":152},"8":{"loc":{"start":{"line":159,"column":4},"end":{"line":174,"column":5}},"type":"if","locations":[{"start":{"line":159,"column":4},"end":{"line":174,"column":5}},{"start":{},"end":{}}],"line":159},"9":{"loc":{"start":{"line":160,"column":8},"end":{"line":162,"column":9}},"type":"if","locations":[{"start":{"line":160,"column":8},"end":{"line":162,"column":9}},{"start":{},"end":{}}],"line":160},"10":{"loc":{"start":{"line":160,"column":12},"end":{"line":160,"column":50}},"type":"binary-expr","locations":[{"start":{"line":160,"column":12},"end":{"line":160,"column":23}},{"start":{"line":160,"column":27},"end":{"line":160,"column":50}}],"line":160},"11":{"loc":{"start":{"line":163,"column":8},"end":{"line":173,"column":9}},"type":"if","locations":[{"start":{"line":163,"column":8},"end":{"line":173,"column":9}},{"start":{"line":168,"column":13},"end":{"line":173,"column":9}}],"line":163},"12":{"loc":{"start":{"line":175,"column":4},"end":{"line":181,"column":5}},"type":"if","locations":[{"start":{"line":175,"column":4},"end":{"line":181,"column":5}},{"start":{"line":178,"column":9},"end":{"line":181,"column":5}}],"line":175},"13":{"loc":{"start":{"line":186,"column":4},"end":{"line":188,"column":5}},"type":"if","locations":[{"start":{"line":186,"column":4},"end":{"line":188,"column":5}},{"start":{},"end":{}}],"line":186},"14":{"loc":{"start":{"line":189,"column":4},"end":{"line":191,"column":5}},"type":"if","locations":[{"start":{"line":189,"column":4},"end":{"line":191,"column":5}},{"start":{},"end":{}}],"line":189},"15":{"loc":{"start":{"line":192,"column":4},"end":{"line":194,"column":5}},"type":"if","locations":[{"start":{"line":192,"column":4},"end":{"line":194,"column":5}},{"start":{},"end":{}}],"line":192},"16":{"loc":{"start":{"line":207,"column":8},"end":{"line":247,"column":9}},"type":"if","locations":[{"start":{"line":207,"column":8},"end":{"line":247,"column":9}},{"start":{"line":237,"column":13},"end":{"line":247,"column":9}}],"line":207},"17":{"loc":{"start":{"line":210,"column":12},"end":{"line":217,"column":13}},"type":"if","locations":[{"start":{"line":210,"column":12},"end":{"line":217,"column":13}},{"start":{},"end":{}}],"line":210},"18":{"loc":{"start":{"line":212,"column":16},"end":{"line":214,"column":17}},"type":"if","locations":[{"start":{"line":212,"column":16},"end":{"line":214,"column":17}},{"start":{},"end":{}}],"line":212},"19":{"loc":{"start":{"line":218,"column":12},"end":{"line":225,"column":13}},"type":"if","locations":[{"start":{"line":218,"column":12},"end":{"line":225,"column":13}},{"start":{},"end":{}}],"line":218},"20":{"loc":{"start":{"line":220,"column":16},"end":{"line":222,"column":17}},"type":"if","locations":[{"start":{"line":220,"column":16},"end":{"line":222,"column":17}},{"start":{},"end":{}}],"line":220},"21":{"loc":{"start":{"line":226,"column":12},"end":{"line":235,"column":13}},"type":"if","locations":[{"start":{"line":226,"column":12},"end":{"line":235,"column":13}},{"start":{"line":233,"column":17},"end":{"line":235,"column":13}}],"line":226},"22":{"loc":{"start":{"line":237,"column":13},"end":{"line":247,"column":9}},"type":"if","locations":[{"start":{"line":237,"column":13},"end":{"line":247,"column":9}},{"start":{"line":241,"column":13},"end":{"line":247,"column":9}}],"line":237},"23":{"loc":{"start":{"line":241,"column":13},"end":{"line":247,"column":9}},"type":"if","locations":[{"start":{"line":241,"column":13},"end":{"line":247,"column":9}},{"start":{"line":245,"column":13},"end":{"line":247,"column":9}}],"line":241},"24":{"loc":{"start":{"line":254,"column":8},"end":{"line":256,"column":9}},"type":"if","locations":[{"start":{"line":254,"column":8},"end":{"line":256,"column":9}},{"start":{},"end":{}}],"line":254},"25":{"loc":{"start":{"line":254,"column":12},"end":{"line":254,"column":92}},"type":"binary-expr","locations":[{"start":{"line":254,"column":12},"end":{"line":254,"column":29}},{"start":{"line":254,"column":33},"end":{"line":254,"column":50}},{"start":{"line":254,"column":54},"end":{"line":254,"column":71}},{"start":{"line":254,"column":75},"end":{"line":254,"column":92}}],"line":254},"26":{"loc":{"start":{"line":305,"column":4},"end":{"line":307,"column":5}},"type":"if","locations":[{"start":{"line":305,"column":4},"end":{"line":307,"column":5}},{"start":{},"end":{}}],"line":305},"27":{"loc":{"start":{"line":309,"column":4},"end":{"line":311,"column":5}},"type":"if","locations":[{"start":{"line":309,"column":4},"end":{"line":311,"column":5}},{"start":{},"end":{}}],"line":309},"28":{"loc":{"start":{"line":313,"column":4},"end":{"line":315,"column":5}},"type":"if","locations":[{"start":{"line":313,"column":4},"end":{"line":315,"column":5}},{"start":{},"end":{}}],"line":313},"29":{"loc":{"start":{"line":326,"column":8},"end":{"line":331,"column":9}},"type":"if","locations":[{"start":{"line":326,"column":8},"end":{"line":331,"column":9}},{"start":{},"end":{}}],"line":326},"30":{"loc":{"start":{"line":332,"column":8},"end":{"line":346,"column":9}},"type":"if","locations":[{"start":{"line":332,"column":8},"end":{"line":346,"column":9}},{"start":{},"end":{}}],"line":332},"31":{"loc":{"start":{"line":334,"column":12},"end":{"line":337,"column":13}},"type":"if","locations":[{"start":{"line":334,"column":12},"end":{"line":337,"column":13}},{"start":{},"end":{}}],"line":334},"32":{"loc":{"start":{"line":338,"column":12},"end":{"line":340,"column":13}},"type":"if","locations":[{"start":{"line":338,"column":12},"end":{"line":340,"column":13}},{"start":{},"end":{}}],"line":338},"33":{"loc":{"start":{"line":341,"column":12},"end":{"line":345,"column":13}},"type":"if","locations":[{"start":{"line":341,"column":12},"end":{"line":345,"column":13}},{"start":{},"end":{}}],"line":341},"34":{"loc":{"start":{"line":347,"column":8},"end":{"line":355,"column":9}},"type":"if","locations":[{"start":{"line":347,"column":8},"end":{"line":355,"column":9}},{"start":{},"end":{}}],"line":347},"35":{"loc":{"start":{"line":356,"column":8},"end":{"line":359,"column":9}},"type":"if","locations":[{"start":{"line":356,"column":8},"end":{"line":359,"column":9}},{"start":{},"end":{}}],"line":356},"36":{"loc":{"start":{"line":360,"column":8},"end":{"line":364,"column":9}},"type":"if","locations":[{"start":{"line":360,"column":8},"end":{"line":364,"column":9}},{"start":{},"end":{}}],"line":360},"37":{"loc":{"start":{"line":365,"column":8},"end":{"line":369,"column":9}},"type":"if","locations":[{"start":{"line":365,"column":8},"end":{"line":369,"column":9}},{"start":{},"end":{}}],"line":365}},"s":{"0":1,"1":1,"2":1,"3":1,"4":1,"5":1,"6":1,"7":1,"8":1,"9":1,"10":1,"11":1,"12":1,"13":1,"14":1,"15":1,"16":1,"17":1,"18":1,"19":14,"20":8,"21":8,"22":8,"23":8,"24":8,"25":8,"26":149,"27":149,"28":25,"29":25,"30":25,"31":124,"32":8,"33":7,"34":8,"35":2,"36":1,"37":1,"38":1,"39":1,"40":1,"41":1,"42":5,"43":5,"44":1,"45":1,"46":1,"47":3,"48":3,"49":4,"50":2,"51":2,"52":1,"53":1,"54":1,"55":1,"56":1,"57":1,"58":6,"59":6,"60":6,"61":6,"62":0,"63":1,"64":0,"65":0,"66":0,"67":0,"68":0,"69":0,"70":0,"71":0,"72":0,"73":0,"74":0,"75":0,"76":0,"77":0,"78":0,"79":0,"80":0,"81":0,"82":0,"83":0,"84":0,"85":0,"86":0,"87":0,"88":0,"89":0,"90":0,"91":0,"92":0,"93":0,"94":1,"95":0,"96":0,"97":0,"98":0,"99":1,"100":1,"101":1,"102":1,"103":0,"104":0,"105":0,"106":0,"107":0,"108":0,"109":0,"110":0,"111":0,"112":0,"113":0,"114":0,"115":0,"116":0,"117":0,"118":0,"119":0,"120":0,"121":1,"122":0,"123":0,"124":1,"125":1,"126":1,"127":0,"128":0,"129":0,"130":0,"131":0,"132":0,"133":0,"134":2,"135":2,"136":2,"137":0,"138":0,"139":0,"140":0,"141":0,"142":0,"143":0,"144":0,"145":0,"146":0,"147":0,"148":0,"149":0,"150":0,"151":0,"152":0,"153":0,"154":0,"155":0,"156":0,"157":0,"158":0,"159":0,"160":0,"161":0,"162":0,"163":0,"164":0,"165":0,"166":0,"167":0,"168":0,"169":0,"170":0,"171":0,"172":0,"173":0,"174":0,"175":0,"176":0,"177":0,"178":0,"179":0,"180":0,"181":0,"182":0,"183":0,"184":0,"185":0,"186":0,"187":0,"188":0,"189":0,"190":0,"191":0,"192":0,"193":0,"194":0,"195":0,"196":0,"197":0,"198":0,"199":0,"200":0,"201":0,"202":0,"203":0,"204":0,"205":0,"206":0,"207":0,"208":0,"209":0,"210":0,"211":1},"f":{"0":14,"1":8,"2":2,"3":1,"4":1,"5":3,"6":1,"7":0,"8":0,"9":0,"10":0,"11":1,"12":0,"13":0,"14":2,"15":0,"16":0,"17":0,"18":0,"19":0,"20":0,"21":0,"22":0},"b":{"0":[25,124],"1":[25,0],"2":[7,1],"3":[1,4],"4":[2,2],"5":[6,0],"6":[0,6],"7":[0,0],"8":[0,0],"9":[0,0],"10":[0,0],"11":[0,0],"12":[0,0],"13":[0,0],"14":[0,0],"15":[0,0],"16":[0,1],"17":[0,0],"18":[0,0],"19":[0,0],"20":[0,0],"21":[0,0],"22":[0,1],"23":[1,0],"24":[0,0],"25":[0,0,0,0],"26":[0,0],"27":[0,0],"28":[0,0],"29":[0,0],"30":[0,0],"31":[0,0],"32":[0,0],"33":[0,0],"34":[0,0],"35":[0,0],"36":[0,0],"37":[0,0]},"inputSourceMap":null,"_coverageSchema":"1a1c01bbd47fc00a2c39e90264f33305004495a9","hash":"ca0e88f704a132facb637f79dd1e831807bafffd"}
,"C:\\Users\\isakt\\OneDrive - Uppsala universitet\\Dokument\\GitHub\\Project_Redacted_Text\\Texts.js": {"path":"C:\\Users\\isakt\\OneDrive - Uppsala universitet\\Dokument\\GitHub\\Project_Redacted_Text\\Texts.js","statementMap":{"0":{"start":{"line":2,"column":0},"end":{"line":2,"column":62}},"1":{"start":{"line":3,"column":0},"end":{"line":3,"column":52}},"2":{"start":{"line":4,"column":0},"end":{"line":43,"column":2}},"3":{"start":{"line":44,"column":0},"end":{"line":85,"column":2}}},"fnMap":{},"branchMap":{},"s":{"0":1,"1":1,"2":1,"3":1},"f":{},"b":{},"inputSourceMap":null,"_coverageSchema":"1a1c01bbd47fc00a2c39e90264f33305004495a9","hash":"85df34928c8b1b7c6f9b12d467cd4bfbc20177fd"}
}
