TN:
SF:Redact_unredact_text.js
FN:31,normalize_text
FN:47,tokenize_text
FN:79,redact_all_text
FN:89,redact_all_text_tokenized
FN:104,find_words
FN:127,already_guessed
FN:137,letters_spaces
FN:151,hints
FN:186,point_set
FN:199,leaderboard
FN:201,(anonymous_10)
FN:204,meny
FN:230,(anonymous_12)
FN:251,helper_set_difficulty
FN:262,generate_random_text
FN:267,game_rules
FN:273,gameplay_loop
FN:289,(anonymous_17)
FN:290,set_easy_difficulty
FN:294,(anonymous_19)
FN:296,set_medium_difficulty
FN:298,(anonymous_21)
FN:300,set_hard_difficulty
FNF:23
FNH:10
FNDA:14,normalize_text
FNDA:8,tokenize_text
FNDA:2,redact_all_text
FNDA:1,redact_all_text_tokenized
FNDA:1,find_words
FNDA:3,already_guessed
FNDA:1,letters_spaces
FNDA:0,hints
FNDA:0,point_set
FNDA:2,leaderboard
FNDA:1,(anonymous_10)
FNDA:0,meny
FNDA:0,(anonymous_12)
FNDA:0,helper_set_difficulty
FNDA:2,generate_random_text
FNDA:0,game_rules
FNDA:0,gameplay_loop
FNDA:0,(anonymous_17)
FNDA:0,set_easy_difficulty
FNDA:0,(anonymous_19)
FNDA:0,set_medium_difficulty
FNDA:0,(anonymous_21)
FNDA:0,set_hard_difficulty
DA:2,1
DA:3,1
DA:4,1
DA:5,1
DA:6,1
DA:7,1
DA:8,1
DA:9,1
DA:10,1
DA:11,1
DA:12,1
DA:13,1
DA:14,1
DA:15,1
DA:16,1
DA:17,1
DA:18,1
DA:19,1
DA:20,1
DA:21,1
DA:22,1
DA:32,14
DA:48,8
DA:49,8
DA:50,8
DA:51,8
DA:53,8
DA:54,149
DA:55,149
DA:56,25
DA:57,25
DA:58,25
DA:63,124
DA:67,8
DA:68,7
DA:70,8
DA:80,2
DA:90,1
DA:105,1
DA:106,1
DA:107,1
DA:109,1
DA:110,5
DA:111,5
DA:112,1
DA:113,1
DA:116,1
DA:128,3
DA:129,4
DA:130,2
DA:131,2
DA:134,1
DA:135,1
DA:138,1
DA:139,1
DA:140,1
DA:141,6
DA:142,6
DA:143,6
DA:145,6
DA:146,0
DA:149,1
DA:152,0
DA:153,0
DA:154,0
DA:155,0
DA:156,0
DA:157,0
DA:158,0
DA:159,0
DA:161,0
DA:162,0
DA:163,0
DA:165,0
DA:166,0
DA:167,0
DA:168,0
DA:171,0
DA:172,0
DA:173,0
DA:174,0
DA:177,0
DA:178,0
DA:181,0
DA:182,0
DA:188,0
DA:189,0
DA:191,0
DA:192,0
DA:194,0
DA:195,0
DA:197,0
DA:200,2
DA:201,2
DA:202,2
DA:205,0
DA:206,0
DA:207,0
DA:208,0
DA:209,0
DA:210,0
DA:211,0
DA:212,0
DA:213,0
DA:214,0
DA:217,0
DA:219,0
DA:220,0
DA:221,0
DA:222,0
DA:225,0
DA:227,0
DA:228,0
DA:229,0
DA:230,0
DA:231,0
DA:235,0
DA:238,0
DA:239,0
DA:240,0
DA:242,0
DA:243,0
DA:244,0
DA:247,0
DA:252,0
DA:253,0
DA:254,0
DA:255,0
DA:256,0
DA:258,0
DA:263,2
DA:264,2
DA:265,2
DA:268,0
DA:269,0
DA:270,0
DA:274,0
DA:276,0
DA:278,0
DA:279,0
DA:280,0
DA:281,0
DA:282,0
DA:283,0
DA:284,0
DA:285,0
DA:286,0
DA:287,0
DA:289,0
DA:291,0
DA:292,0
DA:294,0
DA:298,0
DA:301,0
DA:302,0
DA:303,0
DA:306,0
DA:307,0
DA:310,0
DA:311,0
DA:314,0
DA:315,0
DA:318,0
DA:319,0
DA:320,0
DA:321,0
DA:322,0
DA:323,0
DA:324,0
DA:325,0
DA:326,0
DA:327,0
DA:328,0
DA:329,0
DA:330,0
DA:331,0
DA:333,0
DA:334,0
DA:335,0
DA:336,0
DA:337,0
DA:339,0
DA:340,0
DA:342,0
DA:343,0
DA:344,0
DA:345,0
DA:348,0
DA:349,0
DA:350,0
DA:353,0
DA:354,0
DA:355,0
DA:357,0
DA:358,0
DA:359,0
DA:361,0
DA:362,0
DA:363,0
DA:364,0
DA:366,0
DA:367,0
DA:368,0
DA:369,0
LF:204
LH:67
BRDA:55,0,0,25
BRDA:55,0,1,124
BRDA:56,1,0,25
BRDA:56,1,1,0
BRDA:67,2,0,7
BRDA:67,2,1,1
BRDA:111,3,0,1
BRDA:111,3,1,4
BRDA:129,4,0,2
BRDA:129,4,1,2
BRDA:142,5,0,6
BRDA:142,5,1,0
BRDA:145,6,0,0
BRDA:145,6,1,6
BRDA:154,7,0,0
BRDA:154,7,1,0
BRDA:161,8,0,0
BRDA:161,8,1,0
BRDA:162,9,0,0
BRDA:162,9,1,0
BRDA:162,10,0,0
BRDA:162,10,1,0
BRDA:165,11,0,0
BRDA:165,11,1,0
BRDA:177,12,0,0
BRDA:177,12,1,0
BRDA:188,13,0,0
BRDA:188,13,1,0
BRDA:191,14,0,0
BRDA:191,14,1,0
BRDA:194,15,0,0
BRDA:194,15,1,0
BRDA:208,16,0,0
BRDA:208,16,1,0
BRDA:211,17,0,0
BRDA:211,17,1,0
BRDA:213,18,0,0
BRDA:213,18,1,0
BRDA:219,19,0,0
BRDA:219,19,1,0
BRDA:221,20,0,0
BRDA:221,20,1,0
BRDA:227,21,0,0
BRDA:227,21,1,0
BRDA:238,22,0,0
BRDA:238,22,1,0
BRDA:242,23,0,0
BRDA:242,23,1,0
BRDA:255,24,0,0
BRDA:255,24,1,0
BRDA:255,25,0,0
BRDA:255,25,1,0
BRDA:255,25,2,0
BRDA:255,25,3,0
BRDA:306,26,0,0
BRDA:306,26,1,0
BRDA:310,27,0,0
BRDA:310,27,1,0
BRDA:314,28,0,0
BRDA:314,28,1,0
BRDA:327,29,0,0
BRDA:327,29,1,0
BRDA:333,30,0,0
BRDA:333,30,1,0
BRDA:335,31,0,0
BRDA:335,31,1,0
BRDA:339,32,0,0
BRDA:339,32,1,0
BRDA:342,33,0,0
BRDA:342,33,1,0
BRDA:348,34,0,0
BRDA:348,34,1,0
BRDA:357,35,0,0
BRDA:357,35,1,0
BRDA:361,36,0,0
BRDA:361,36,1,0
BRDA:366,37,0,0
BRDA:366,37,1,0
BRF:78
BRH:11
end_of_record
TN:
SF:Texts.js
FNF:0
FNH:0
DA:2,1
DA:3,1
DA:4,1
DA:44,1
LF:4
LH:4
BRF:0
BRH:0
end_of_record
