TN:
SF:Redact_unredact_text.js
FN:29,normalize_text
FN:45,tokenize_text
FN:77,redact_all_text
FN:87,redact_all_text_tokenized
FN:102,find_words
FN:125,already_guessed
FN:135,letters_spaces
FN:149,hints
FN:184,point_set
FN:195,leaderboard
FN:197,(anonymous_10)
FN:200,meny
FN:226,(anonymous_12)
FN:247,helper_set_difficulty
FN:258,generate_random_text
FN:263,game_rules
FN:269,gameplay_loop
FN:285,(anonymous_17)
FN:286,set_easy_difficulty
FN:290,(anonymous_19)
FN:292,set_medium_difficulty
FN:294,(anonymous_21)
FN:296,set_hard_difficulty
FNF:23
FNH:8
FNDA:14,normalize_text
FNDA:8,tokenize_text
FNDA:2,redact_all_text
FNDA:1,redact_all_text_tokenized
FNDA:1,find_words
FNDA:2,already_guessed
FNDA:1,letters_spaces
FNDA:0,hints
FNDA:0,point_set
FNDA:0,leaderboard
FNDA:0,(anonymous_10)
FNDA:1,meny
FNDA:0,(anonymous_12)
FNDA:0,helper_set_difficulty
FNDA:0,generate_random_text
FNDA:0,game_rules
FNDA:0,gameplay_loop
FNDA:0,(anonymous_17)
FNDA:0,set_easy_difficulty
FNDA:0,(anonymous_19)
FNDA:0,set_medium_difficulty
FNDA:0,(anonymous_21)
FNDA:0,set_hard_difficulty
DA:2,1
DA:3,1
DA:4,1
DA:5,1
DA:6,1
DA:7,1
DA:8,1
DA:9,1
DA:10,1
DA:11,1
DA:12,1
DA:13,1
DA:14,1
DA:15,1
DA:16,1
DA:17,1
DA:18,1
DA:19,1
DA:20,1
DA:30,14
DA:46,8
DA:47,8
DA:48,8
DA:49,8
DA:51,8
DA:52,149
DA:53,149
DA:54,25
DA:55,25
DA:56,25
DA:61,124
DA:65,8
DA:66,7
DA:68,8
DA:78,2
DA:88,1
DA:103,1
DA:104,1
DA:105,1
DA:107,1
DA:108,5
DA:109,5
DA:110,1
DA:111,1
DA:114,1
DA:126,2
DA:127,3
DA:128,1
DA:129,1
DA:132,1
DA:133,1
DA:136,1
DA:137,1
DA:138,1
DA:139,6
DA:140,6
DA:141,6
DA:143,6
DA:144,0
DA:147,1
DA:150,0
DA:151,0
DA:152,0
DA:153,0
DA:154,0
DA:155,0
DA:156,0
DA:157,0
DA:159,0
DA:160,0
DA:161,0
DA:163,0
DA:164,0
DA:165,0
DA:166,0
DA:169,0
DA:170,0
DA:171,0
DA:172,0
DA:175,0
DA:176,0
DA:179,0
DA:180,0
DA:186,0
DA:187,0
DA:190,0
DA:191,0
DA:192,0
DA:194,1
DA:196,0
DA:197,0
DA:198,0
DA:201,1
DA:202,1
DA:203,1
DA:204,1
DA:205,0
DA:206,0
DA:207,0
DA:208,0
DA:209,0
DA:210,0
DA:213,0
DA:215,0
DA:216,0
DA:217,0
DA:218,0
DA:221,0
DA:223,0
DA:224,0
DA:225,0
DA:226,0
DA:227,0
DA:231,0
DA:234,1
DA:235,0
DA:236,0
DA:238,1
DA:239,1
DA:240,1
DA:243,0
DA:248,0
DA:249,0
DA:250,0
DA:251,0
DA:252,0
DA:254,0
DA:259,0
DA:260,0
DA:261,0
DA:264,0
DA:265,0
DA:266,0
DA:270,0
DA:272,0
DA:274,0
DA:275,0
DA:276,0
DA:277,0
DA:278,0
DA:279,0
DA:280,0
DA:281,0
DA:282,0
DA:283,0
DA:285,0
DA:287,0
DA:288,0
DA:290,0
DA:294,0
DA:297,0
DA:298,0
DA:299,0
DA:302,0
DA:303,0
DA:306,0
DA:307,0
DA:310,0
DA:311,0
DA:314,0
DA:315,0
DA:316,0
DA:317,0
DA:318,0
DA:319,0
DA:320,0
DA:321,0
DA:322,0
DA:323,0
DA:324,0
DA:325,0
DA:326,0
DA:327,0
DA:329,0
DA:330,0
DA:331,0
DA:332,0
DA:333,0
DA:335,0
DA:336,0
DA:338,0
DA:339,0
DA:340,0
DA:341,0
DA:344,0
DA:345,0
DA:346,0
DA:349,0
DA:350,0
DA:351,0
DA:353,0
DA:354,0
DA:355,0
DA:357,0
DA:358,0
DA:359,0
DA:360,0
DA:362,0
DA:363,0
DA:364,0
DA:365,0
DA:369,1
LF:202
LH:69
BRDA:53,0,0,25
BRDA:53,0,1,124
BRDA:54,1,0,25
BRDA:54,1,1,0
BRDA:65,2,0,7
BRDA:65,2,1,1
BRDA:109,3,0,1
BRDA:109,3,1,4
BRDA:127,4,0,1
BRDA:127,4,1,2
BRDA:140,5,0,6
BRDA:140,5,1,0
BRDA:143,6,0,0
BRDA:143,6,1,6
BRDA:152,7,0,0
BRDA:152,7,1,0
BRDA:159,8,0,0
BRDA:159,8,1,0
BRDA:160,9,0,0
BRDA:160,9,1,0
BRDA:160,10,0,0
BRDA:160,10,1,0
BRDA:163,11,0,0
BRDA:163,11,1,0
BRDA:175,12,0,0
BRDA:175,12,1,0
BRDA:186,13,0,0
BRDA:186,13,1,0
BRDA:204,14,0,0
BRDA:204,14,1,1
BRDA:207,15,0,0
BRDA:207,15,1,0
BRDA:209,16,0,0
BRDA:209,16,1,0
BRDA:215,17,0,0
BRDA:215,17,1,0
BRDA:217,18,0,0
BRDA:217,18,1,0
BRDA:223,19,0,0
BRDA:223,19,1,0
BRDA:234,20,0,0
BRDA:234,20,1,1
BRDA:238,21,0,1
BRDA:238,21,1,0
BRDA:251,22,0,0
BRDA:251,22,1,0
BRDA:251,23,0,0
BRDA:251,23,1,0
BRDA:251,23,2,0
BRDA:251,23,3,0
BRDA:302,24,0,0
BRDA:302,24,1,0
BRDA:306,25,0,0
BRDA:306,25,1,0
BRDA:310,26,0,0
BRDA:310,26,1,0
BRDA:323,27,0,0
BRDA:323,27,1,0
BRDA:329,28,0,0
BRDA:329,28,1,0
BRDA:331,29,0,0
BRDA:331,29,1,0
BRDA:335,30,0,0
BRDA:335,30,1,0
BRDA:338,31,0,0
BRDA:338,31,1,0
BRDA:344,32,0,0
BRDA:344,32,1,0
BRDA:353,33,0,0
BRDA:353,33,1,0
BRDA:357,34,0,0
BRDA:357,34,1,0
BRDA:362,35,0,0
BRDA:362,35,1,0
BRF:74
BRH:14
end_of_record
TN:
SF:Texts.js
FNF:0
FNH:0
DA:2,1
DA:3,1
DA:4,1
DA:44,1
LF:4
LH:4
BRF:0
BRH:0
end_of_record
